Using pre-set license
Built from '2021.3/staging' branch; Version is '2021.3.24f1 (cf10dcf7010d) revision 13570268'; Using compiler version '192829333'; Build Type 'Release'
OS: 'Windows 11  (10.0.22621) 64bit CoreSingleLanguage' Language: 'ru' Physical Memory: 16349 MB
BatchMode: 1, IsHumanControllingUs: 0, StartBugReporterOnCrash: 0, Is64bit: 1, IsPro: 1

COMMAND LINE ARGUMENTS:
D:\Unity\2021.3.24f1\Editor\Unity.exe
-adb2
-batchMode
-noUpm
-name
AssetImportWorker0
-projectPath
D:/Quest
-logFile
Logs/AssetImportWorker0.log
-srvPort
51075
Successfully changed project path to: D:/Quest
D:/Quest
[UnityMemory] Configuration Parameters - Can be set up in boot.config
    "memorysetup-bucket-allocator-granularity=16"
    "memorysetup-bucket-allocator-bucket-count=8"
    "memorysetup-bucket-allocator-block-size=33554432"
    "memorysetup-bucket-allocator-block-count=8"
    "memorysetup-main-allocator-block-size=16777216"
    "memorysetup-thread-allocator-block-size=16777216"
    "memorysetup-gfx-main-allocator-block-size=16777216"
    "memorysetup-gfx-thread-allocator-block-size=16777216"
    "memorysetup-cache-allocator-block-size=4194304"
    "memorysetup-typetree-allocator-block-size=2097152"
    "memorysetup-profiler-bucket-allocator-granularity=16"
    "memorysetup-profiler-bucket-allocator-bucket-count=8"
    "memorysetup-profiler-bucket-allocator-block-size=33554432"
    "memorysetup-profiler-bucket-allocator-block-count=8"
    "memorysetup-profiler-allocator-block-size=16777216"
    "memorysetup-profiler-editor-allocator-block-size=1048576"
    "memorysetup-temp-allocator-size-main=16777216"
    "memorysetup-job-temp-allocator-block-size=2097152"
    "memorysetup-job-temp-allocator-block-size-background=1048576"
    "memorysetup-job-temp-allocator-reduction-small-platforms=262144"
    "memorysetup-temp-allocator-size-background-worker=32768"
    "memorysetup-temp-allocator-size-job-worker=262144"
    "memorysetup-temp-allocator-size-preload-manager=33554432"
    "memorysetup-temp-allocator-size-nav-mesh-worker=65536"
    "memorysetup-temp-allocator-size-audio-worker=65536"
    "memorysetup-temp-allocator-size-cloud-worker=32768"
    "memorysetup-temp-allocator-size-gi-baking-worker=262144"
    "memorysetup-temp-allocator-size-gfx=262144"
Player connection [7284] Host "[IP] 192.168.1.104 [Port] 0 [Flags] 2 [Guid] 2660301712 [EditorId] 2660301712 [Version] 1048832 [Id] WindowsEditor(7,DESKTOP-N0IGBNU) [Debug] 1 [PackageName] WindowsEditor [ProjectName] Editor" joined multi-casting on [225.0.0.222:54997]...

Player connection [7284] Host "[IP] 192.168.1.104 [Port] 0 [Flags] 2 [Guid] 2660301712 [EditorId] 2660301712 [Version] 1048832 [Id] WindowsEditor(7,DESKTOP-N0IGBNU) [Debug] 1 [PackageName] WindowsEditor [ProjectName] Editor" joined alternative multi-casting on [225.0.0.222:34997]...

Refreshing native plugins compatible for Editor in 77.23 ms, found 3 plugins.
Preloading 0 native plugins for Editor in 0.00 ms.
Initialize engine version: 2021.3.24f1 (cf10dcf7010d)
[Subsystems] Discovering subsystems at path D:/Unity/2021.3.24f1/Editor/Data/Resources/UnitySubsystems
[Subsystems] Discovering subsystems at path D:/Quest/Assets
GfxDevice: creating device client; threaded=0; jobified=0
Direct3D:
    Version:  Direct3D 11.0 [level 11.1]
    Renderer: NVIDIA GeForce RTX 2060 SUPER (ID=0x1f06)
    Vendor:   NVIDIA
    VRAM:     8019 MB
    Driver:   31.0.15.4531
Initialize mono
Mono path[0] = 'D:/Unity/2021.3.24f1/Editor/Data/Managed'
Mono path[1] = 'D:/Unity/2021.3.24f1/Editor/Data/MonoBleedingEdge/lib/mono/unityjit-win32'
Mono config path = 'D:/Unity/2021.3.24f1/Editor/Data/MonoBleedingEdge/etc'
Using monoOptions --debugger-agent=transport=dt_socket,embedding=1,server=y,suspend=n,address=127.0.0.1:56776
Begin MonoManager ReloadAssembly
Registering precompiled unity dll's ...
Register platform support module: D:/Unity/2021.3.24f1/Editor/Data/PlaybackEngines/WebGLSupport/UnityEditor.WebGL.Extensions.dll
Register platform support module: D:/Unity/2021.3.24f1/Editor/Data/PlaybackEngines/WindowsStandaloneSupport/UnityEditor.WindowsStandalone.Extensions.dll
Registered in 0.001778 seconds.
Native extension for WindowsStandalone target not found
Native extension for WebGL target not found
Refreshing native plugins compatible for Editor in 81.26 ms, found 3 plugins.
Preloading 0 native plugins for Editor in 0.00 ms.
Mono: successfully reloaded assembly
- Completed reload, in  0.621 seconds
Domain Reload Profiling:
	ReloadAssembly (622ms)
		BeginReloadAssembly (82ms)
			ExecutionOrderSort (0ms)
			DisableScriptedObjects (0ms)
			BackupInstance (0ms)
			ReleaseScriptingObjects (0ms)
			CreateAndSetChildDomain (1ms)
		EndReloadAssembly (452ms)
			LoadAssemblies (82ms)
			RebuildTransferFunctionScriptingTraits (0ms)
			SetupTypeCache (108ms)
			ReleaseScriptCaches (0ms)
			RebuildScriptCaches (31ms)
			SetupLoadedEditorAssemblies (268ms)
				LogAssemblyErrors (0ms)
				InitializePlatformSupportModulesInManaged (8ms)
				SetLoadedEditorAssemblies (0ms)
				RefreshPlugins (81ms)
				BeforeProcessingInitializeOnLoad (1ms)
				ProcessInitializeOnLoadAttributes (131ms)
				ProcessInitializeOnLoadMethodAttributes (46ms)
				AfterProcessingInitializeOnLoad (0ms)
				EditorAssembliesLoaded (0ms)
			ExecutionOrderSort2 (0ms)
			AwakeInstancesAfterBackupRestoration (0ms)
Platform modules already initialized, skipping
Registering precompiled user dll's ...
Registered in 0.002982 seconds.
Begin MonoManager ReloadAssembly
Symbol file LoadedFromMemory doesn't match image D:\Quest\Library\PackageCache\com.unity.visualscripting@1.8.0\Editor\VisualScripting.Core\Dependencies\YamlDotNet\Unity.VisualScripting.YamlDotNet.dll
Symbol file LoadedFromMemory doesn't match image D:\Quest\Library\PackageCache\com.unity.visualscripting@1.8.0\Editor\VisualScripting.Core\Dependencies\DotNetZip\Unity.VisualScripting.IonicZip.dll
Native extension for WindowsStandalone target not found
Native extension for WebGL target not found
Refreshing native plugins compatible for Editor in 0.58 ms, found 3 plugins.
Preloading 0 native plugins for Editor in 0.00 ms.
Mono: successfully reloaded assembly
- Completed reload, in  1.025 seconds
Domain Reload Profiling:
	ReloadAssembly (1026ms)
		BeginReloadAssembly (123ms)
			ExecutionOrderSort (0ms)
			DisableScriptedObjects (6ms)
			BackupInstance (0ms)
			ReleaseScriptingObjects (0ms)
			CreateAndSetChildDomain (19ms)
		EndReloadAssembly (792ms)
			LoadAssemblies (95ms)
			RebuildTransferFunctionScriptingTraits (0ms)
			SetupTypeCache (268ms)
			ReleaseScriptCaches (1ms)
			RebuildScriptCaches (53ms)
			SetupLoadedEditorAssemblies (350ms)
				LogAssemblyErrors (0ms)
				InitializePlatformSupportModulesInManaged (5ms)
				SetLoadedEditorAssemblies (0ms)
				RefreshPlugins (1ms)
				BeforeProcessingInitializeOnLoad (79ms)
				ProcessInitializeOnLoadAttributes (241ms)
				ProcessInitializeOnLoadMethodAttributes (21ms)
				AfterProcessingInitializeOnLoad (2ms)
				EditorAssembliesLoaded (0ms)
			ExecutionOrderSort2 (0ms)
			AwakeInstancesAfterBackupRestoration (7ms)
Platform modules already initialized, skipping
========================================================================
Worker process is ready to serve import requests
Launched and connected shader compiler UnityShaderCompiler.exe after 0.05 seconds
Refreshing native plugins compatible for Editor in 0.90 ms, found 3 plugins.
Preloading 0 native plugins for Editor in 0.00 ms.
Unloading 3452 Unused Serialized files (Serialized files now loaded: 0)
Unloading 25 unused Assets / (150.7 KB). Loaded Objects now: 3935.
Memory consumption went from 141.2 MB to 141.0 MB.
Total: 3.198500 ms (FindLiveObjects: 0.331300 ms CreateObjectMapping: 0.272700 ms MarkObjects: 2.436900 ms  DeleteObjects: 0.156500 ms)

AssetImportParameters requested are different than current active one (requested -> active):
  custom:video-decoder-ogg-theora: a1e56fd34408186e4bbccfd4996cb3dc -> 
  custom:container-muxer-webm: aa71ff27fc2769a1b78a27578f13a17b -> 
  custom:container-demuxer-webm: 4f35f7cbe854078d1ac9338744f61a02 -> 
  custom:video-encoder-webm-vp8: eb34c28f22e8b96e1ab97ce403110664 -> 
  custom:video-codec-MediaFoundation-h265: 746d11721c4dcdbdad8f713fa42b33f4 -> 
  custom:audio-encoder-webm-vorbis: bf7c407c2cedff20999df2af8eb42d56 -> 
  custom:framework-win-MediaFoundation: 216162199b28c13a410421893ffa2e32 -> 
  custom:container-demuxer-ogg: 62fdf1f143b41e24485cea50d1cbac27 -> 
  custom:video-decoder-webm-vp8: 9c59270c3fd7afecdb556c50c9e8de78 -> 
  custom:audio-decoder-ogg-vorbis: bf7c407c2cedff20999df2af8eb42d56 -> 
========================================================================
Received Import Request.
  Time since last request: 3963.844743 seconds.
  path: Assets/Textures/window_full.png
  artifactKey: Guid(1e45b0df02af64a469fc7a08d422f679) Importer(815301076,1909f56bfc062723c751e8b465ee728b)
Start importing Assets/Textures/window_full.png using Guid(1e45b0df02af64a469fc7a08d422f679) Importer(815301076,1909f56bfc062723c751e8b465ee728b)  -> (artifact id: '26dcadba3fa050798439f0a51365afa7') in 0.094459 seconds 
========================================================================
Received Import Request.
  Time since last request: 12.428917 seconds.
  path: Assets/Textures/window_full.png
  artifactKey: Guid(1e45b0df02af64a469fc7a08d422f679) Importer(815301076,1909f56bfc062723c751e8b465ee728b)
Start importing Assets/Textures/window_full.png using Guid(1e45b0df02af64a469fc7a08d422f679) Importer(815301076,1909f56bfc062723c751e8b465ee728b)  -> (artifact id: '4c44ab8bc145042ff5c10a9d4d69a21c') in 0.038664 seconds 
========================================================================
Received Import Request.
  Time since last request: 3.891216 seconds.
  path: Assets/Textures/window_full.png
  artifactKey: Guid(1e45b0df02af64a469fc7a08d422f679) Importer(815301076,1909f56bfc062723c751e8b465ee728b)
Start importing Assets/Textures/window_full.png using Guid(1e45b0df02af64a469fc7a08d422f679) Importer(815301076,1909f56bfc062723c751e8b465ee728b)  -> (artifact id: 'dbaa3f0552cd34b6b82cd01522593812') in 0.070293 seconds 
========================================================================
Received Import Request.
  Time since last request: 3.219147 seconds.
  path: Assets/Textures/window_full.png
  artifactKey: Guid(1e45b0df02af64a469fc7a08d422f679) Importer(815301076,1909f56bfc062723c751e8b465ee728b)
Start importing Assets/Textures/window_full.png using Guid(1e45b0df02af64a469fc7a08d422f679) Importer(815301076,1909f56bfc062723c751e8b465ee728b)  -> (artifact id: '3616fe1bacf142de184df7498558dc38') in 0.019582 seconds 
========================================================================
Received Import Request.
  Time since last request: 31.117354 seconds.
  path: Assets/Textures/window_full.png
  artifactKey: Guid(1e45b0df02af64a469fc7a08d422f679) Importer(815301076,1909f56bfc062723c751e8b465ee728b)
Start importing Assets/Textures/window_full.png using Guid(1e45b0df02af64a469fc7a08d422f679) Importer(815301076,1909f56bfc062723c751e8b465ee728b)  -> (artifact id: '5eb25ef1602823a2cbd049f2cd1683b1') in 0.135084 seconds 
========================================================================
Received Import Request.
  Time since last request: 9.068022 seconds.
  path: Assets/Textures/window_full.png
  artifactKey: Guid(1e45b0df02af64a469fc7a08d422f679) Importer(815301076,1909f56bfc062723c751e8b465ee728b)
Start importing Assets/Textures/window_full.png using Guid(1e45b0df02af64a469fc7a08d422f679) Importer(815301076,1909f56bfc062723c751e8b465ee728b)  -> (artifact id: '328b027a24aa2f1891cf710919f8838b') in 0.244144 seconds 
========================================================================
Received Import Request.
  Time since last request: 4.055014 seconds.
  path: Assets/Textures/window_full.png
  artifactKey: Guid(1e45b0df02af64a469fc7a08d422f679) Importer(815301076,1909f56bfc062723c751e8b465ee728b)
Start importing Assets/Textures/window_full.png using Guid(1e45b0df02af64a469fc7a08d422f679) Importer(815301076,1909f56bfc062723c751e8b465ee728b)  -> (artifact id: 'ebfd5d3d22932716a41fd36a8d76d314') in 0.042823 seconds 
========================================================================
Received Import Request.
  Time since last request: 6.358207 seconds.
  path: Assets/Textures/window_full.png
  artifactKey: Guid(1e45b0df02af64a469fc7a08d422f679) Importer(815301076,1909f56bfc062723c751e8b465ee728b)
Start importing Assets/Textures/window_full.png using Guid(1e45b0df02af64a469fc7a08d422f679) Importer(815301076,1909f56bfc062723c751e8b465ee728b)  -> (artifact id: 'b1ef644ae1a3bd6cd85112ddf54ce6d3') in 0.037156 seconds 
========================================================================
Received Import Request.
  Time since last request: 254.731147 seconds.
  path: Assets/Textures/window_full.png
  artifactKey: Guid(1e45b0df02af64a469fc7a08d422f679) Importer(815301076,1909f56bfc062723c751e8b465ee728b)
Start importing Assets/Textures/window_full.png using Guid(1e45b0df02af64a469fc7a08d422f679) Importer(815301076,1909f56bfc062723c751e8b465ee728b)  -> (artifact id: 'aabe799b039c645dfa83623b3997255c') in 0.013988 seconds 
========================================================================
Received Import Request.
  Time since last request: 333.548567 seconds.
  path: Assets/Textures/window_full.png
  artifactKey: Guid(1e45b0df02af64a469fc7a08d422f679) Importer(815301076,1909f56bfc062723c751e8b465ee728b)
Start importing Assets/Textures/window_full.png using Guid(1e45b0df02af64a469fc7a08d422f679) Importer(815301076,1909f56bfc062723c751e8b465ee728b)  -> (artifact id: '3c9e7ef7d2d3628344cd4466973714d2') in 0.026649 seconds 
========================================================================
Received Import Request.
  Time since last request: 289.753217 seconds.
  path: Assets/Textures/window_full1.png
  artifactKey: Guid(bd7f5b79098480b419fea75e787aa886) Importer(815301076,1909f56bfc062723c751e8b465ee728b)
Start importing Assets/Textures/window_full1.png using Guid(bd7f5b79098480b419fea75e787aa886) Importer(815301076,1909f56bfc062723c751e8b465ee728b)  -> (artifact id: 'dc97ae2b13c2f7bafb07e4e89134db2d') in 0.041820 seconds 
========================================================================
Received Import Request.
  Time since last request: 103.262388 seconds.
  path: Assets/Textures/window_full2.png
  artifactKey: Guid(cd5e815601d96ba4cbdfff552c18cdee) Importer(815301076,1909f56bfc062723c751e8b465ee728b)
Start importing Assets/Textures/window_full2.png using Guid(cd5e815601d96ba4cbdfff552c18cdee) Importer(815301076,1909f56bfc062723c751e8b465ee728b)  -> (artifact id: 'e8bc150b4ac3eb69ec2926bfa9619728') in 0.043689 seconds 
